<?xml version="1.0" encoding="UTF-8"?>
<testng-results ignored="0" total="1" passed="1" failed="0" skipped="0">
  <reporter-output>
  </reporter-output>
  <suite started-at="2022-12-13T20:04:54 CST" name="Default suite" finished-at="2022-12-13T20:05:04 CST" duration-ms="10676">
    <groups>
    </groups>
    <test started-at="2022-12-13T20:04:54 CST" name="Default test" finished-at="2022-12-13T20:05:04 CST" duration-ms="10676">
      <class name="test.AddCustomerTest">
        <test-method signature="ValidUserShoulBeTbletoLogin()[pri:0, instance:test.AddCustomerTest@7690781]" started-at="2022-12-13T20:04:54 CST" name="ValidUserShoulBeTbletoLogin" finished-at="2022-12-13T20:05:04 CST" duration-ms="10640" status="PASS">
          <reporter-output>
          </reporter-output>
        </test-method> <!-- ValidUserShoulBeTbletoLogin -->
      </class> <!-- test.AddCustomerTest -->
    </test> <!-- Default test -->
  </suite> <!-- Default suite -->
</testng-results>
